laptoprepairwear/build/intermediates/manifest_merge_blame_file/debug/manifest-merger-blame-debug-report.txt
1<?xml version="1.0" encoding="utf-8"?>
2<manifest xmlns:android="http://schemas.android.com/apk/res/android"
3    package="com.example.laptoprepairwear"
4    android:versionCode="1"
5    android:versionName="1.0" >
6
7    <uses-sdk
8        android:minSdkVersion="28"
8-->src\main\AndroidManifest.xml
9        android:targetSdkVersion="30" />
9-->src\main\AndroidManifest.xml
10
11    <uses-permission android:name="android.permission.WAKE_LOCK" />
11-->src\main\AndroidManifest.xml:5:5-68
11-->src\main\AndroidManifest.xml:5:22-65
12
13    <uses-feature android:name="android.hardware.type.watch" />
13-->src\main\AndroidManifest.xml:7:5-64
13-->src\main\AndroidManifest.xml:7:19-61
14
15    <application
15-->src\main\AndroidManifest.xml:9:5-37:19
16        android:allowBackup="true"
16-->src\main\AndroidManifest.xml:10:9-35
17        android:appComponentFactory="androidx.core.app.CoreComponentFactory"
17-->[androidx.core:core:1.3.2] AndroidManifest.xml:24:18-86
18        android:debuggable="true"
19        android:extractNativeLibs="false"
20        android:icon="@mipmap/ic_launcher"
20-->src\main\AndroidManifest.xml:11:9-43
21        android:label="@string/app_name"
21-->src\main\AndroidManifest.xml:12:9-41
22        android:roundIcon="@mipmap/ic_launcher_round"
22-->src\main\AndroidManifest.xml:13:9-54
23        android:supportsRtl="true"
23-->src\main\AndroidManifest.xml:14:9-35
24        android:testOnly="true"
25        android:theme="@style/Theme.AndroidProject25B" >
25-->src\main\AndroidManifest.xml:15:9-55
26        <uses-library
26-->src\main\AndroidManifest.xml:16:9-18:39
27            android:name="com.google.android.wearable"
27-->src\main\AndroidManifest.xml:17:13-55
28            android:required="true" />
28-->src\main\AndroidManifest.xml:18:13-36
29
30        <!--
31               Set to true if your app is Standalone, that is, it does not require the handheld
32               app to run.
33        -->
34        <meta-data
34-->src\main\AndroidManifest.xml:24:9-26:36
35            android:name="com.google.android.wearable.standalone"
35-->src\main\AndroidManifest.xml:25:13-66
36            android:value="true" />
36-->src\main\AndroidManifest.xml:26:13-33
37
38        <activity
38-->src\main\AndroidManifest.xml:28:9-36:20
39            android:name="com.example.laptoprepairwear.LoginActivity"
39-->src\main\AndroidManifest.xml:29:13-42
40            android:label="@string/app_name" >
40-->src\main\AndroidManifest.xml:30:13-45
41            <intent-filter>
41-->src\main\AndroidManifest.xml:31:13-35:29
42                <action android:name="android.intent.action.MAIN" />
42-->src\main\AndroidManifest.xml:32:17-69
42-->src\main\AndroidManifest.xml:32:25-66
43
44                <category android:name="android.intent.category.LAUNCHER" />
44-->src\main\AndroidManifest.xml:34:17-77
44-->src\main\AndroidManifest.xml:34:27-74
45            </intent-filter>
46        </activity>
47    </application>
48
49</manifest>